<?xml version="1.0" encoding="UTF-8"?>
<testsuite name="PostTest" tests="1" skipped="0" failures="0" errors="0" timestamp="2023-06-11T09:26:28" hostname="USER" time="0.572">
  <properties/>
  <testcase name="updateExistingFalse" classname="PostTest" time="0.572"/>
  <system-out><![CDATA[]]></system-out>
  <system-err><![CDATA[]]></system-err>
</testsuite>
