<?xml version="1.0" encoding="UTF-8"?>
<testsuite name="PostTest" tests="2" skipped="0" failures="0" errors="0" timestamp="2023-05-13T16:23:43" hostname="USER" time="0.375">
  <properties/>
  <testcase name="updatePostTrue1" classname="PostTest" time="0.064"/>
  <testcase name="updatePostTrue" classname="PostTest" time="0.31"/>
  <system-out><![CDATA[]]></system-out>
  <system-err><![CDATA[]]></system-err>
</testsuite>
