<?xml version="1.0" encoding="UTF-8"?>
<testsuite name="PostTest" tests="5" skipped="0" failures="0" errors="0" timestamp="2023-06-30T16:54:56" hostname="USER" time="0.468">
  <properties/>
  <testcase name="updateExistingFalse" classname="PostTest" time="0.459"/>
  <testcase name="addTest" classname="PostTest" time="0.0"/>
  <testcase name="shouldThrow" classname="PostTest" time="0.003"/>
  <testcase name="updateExistingTrue" classname="PostTest" time="0.002"/>
  <testcase name="commentAdded" classname="PostTest" time="0.002"/>
  <system-out><![CDATA[]]></system-out>
  <system-err><![CDATA[]]></system-err>
</testsuite>
