<?xml version="1.0" encoding="UTF-8"?>
<testsuite name="PostTest" tests="5" skipped="0" failures="0" errors="0" timestamp="2023-06-28T20:33:12" hostname="USER" time="1.086">
  <properties/>
  <testcase name="shouldThrow1" classname="PostTest" time="1.025"/>
  <testcase name="updateExistingFalse" classname="PostTest" time="0.009"/>
  <testcase name="addTest" classname="PostTest" time="0.008"/>
  <testcase name="shouldThrow" classname="PostTest" time="0.012"/>
  <testcase name="updateExistingTrue" classname="PostTest" time="0.018"/>
  <system-out><![CDATA[]]></system-out>
  <system-err><![CDATA[]]></system-err>
</testsuite>
